** Message: 22:58:48.797: environement.vala:58: Exporting primary_variable
** Message: 22:58:48.797: environement.vala:59: desktop_environnement XDG_CURRENT_DESKTOP
** Message: 22:58:48.797: environement.vala:150: confir_dirs is null, export : /etc/xdg
** Message: 22:58:48.797: environement.vala:184: Exporting XDG_CONFIG_DIRS
** Message: 22:58:48.797: environement.vala:218: custom_data :
** Message: 22:58:48.798: environement.vala:219: data_dirs :/usr/local/share:/usr/share/raspi-ui-overrides:/usr/share:/usr/share/gdm:/var/lib/menu-xdg
** Message: 22:58:48.798: environement.vala:220: data_dirs not null, export : /usr/local/share:/usr/share/raspi-ui-overrides:/usr/share:/usr/share/gdm:/var/lib/menu-xdg
** Message: 22:58:48.798: environement.vala:225: Exporting XDG_DATA_DIRS
** Message: 22:58:48.798: utils.vala:138: Config system location : /etc/xdg/lxsession/LXDE-pi
** Message: 22:58:48.799: utils.vala:144: System system path location : /etc/xdg/lxsession/LXDE-pi/desktop.conf
** Message: 22:58:48.799: utils.vala:148: Final file used : /etc/xdg/lxsession/LXDE-pi/desktop.conf
** Message: 22:58:48.799: utils.vala:39: Config system location : /etc/xdg/lxsession/LXDE-pi
** Message: 22:58:48.799: utils.vala:45: System system path location : /etc/xdg/lxsession/LXDE-pi/desktop.conf

** (lxsession:914): WARNING **: 22:58:48.802: utils.vala:70: No such file or directory
** Message: 22:58:48.802: settings.vala:540: Key file does not have key “iGtk/ColorScheme” in group “GTK”
** Message: 22:58:48.802: settings.vala:540: Key file does not have key “windows_manager/command” in group “Session”
** Message: 22:58:48.802: settings.vala:540: Key file does not have key “panel/command” in group “Session”
** Message: 22:58:48.802: settings.vala:540: Key file does not have key “dock/command” in group “Session”
** Message: 22:58:48.802: settings.vala:540: Key file does not have key “file_manager/command” in group “Session”
** Message: 22:58:48.802: settings.vala:540: Key file does not have key “desktop_manager/command” in group “Session”
** Message: 22:58:48.802: settings.vala:540: Key file does not have key “launcher_manager/autostart” in group “Session”
** Message: 22:58:48.802: settings.vala:540: Key file does not have key “composite_manager/command” in group “Session”
** Message: 22:58:48.802: settings.vala:540: Key file does not have key “im1/command” in group “Session”
** Message: 22:58:48.802: settings.vala:540: Key file does not have key “im2/command” in group “Session”
** Message: 22:58:48.802: settings.vala:540: Key file does not have key “widget1/command” in group “Session”
** Message: 22:58:48.802: settings.vala:540: Key file does not have key “notification/command” in group “Session”
** Message: 22:58:48.802: settings.vala:540: Key file does not have key “keybindings/command” in group “Session”
** Message: 22:58:48.802: settings.vala:540: Key file does not have key “im_manager/command” in group “Session”
** Message: 22:58:48.802: settings.vala:540: Key file does not have key “screensaver/command” in group “Session”
** Message: 22:58:48.803: settings.vala:540: Key file does not have key “power_manager/command” in group “Session”
** Message: 22:58:48.803: settings.vala:540: Key file does not have key “audio_manager/command” in group “Session”
** Message: 22:58:48.803: settings.vala:540: Key file does not have key “workspace_manager/command” in group “Session”
** Message: 22:58:48.803: settings.vala:540: Key file does not have key “screenshot_manager/command” in group “Session”
** Message: 22:58:48.803: settings.vala:540: Key file does not have key “message_manager/command” in group “Session”
** Message: 22:58:48.803: settings.vala:540: Key file does not have key “upgrade_manager/command” in group “Session”
** Message: 22:58:48.803: settings.vala:540: Key file does not have key “updates_manager/command” in group “Session”
** Message: 22:58:48.803: settings.vala:540: Key file does not have key “updates_manager/timeout” in group “Session”
** Message: 22:58:48.803: settings.vala:540: Key file does not have key “crash_manager/command” in group “Session”
** Message: 22:58:48.803: settings.vala:540: Key file does not have key “crash_manager/dev_mode” in group “Session”
** Message: 22:58:48.803: settings.vala:540: Key file does not have key “crash_manager/timeout” in group “Session”
** Message: 22:58:48.803: settings.vala:540: Key file does not have key “upstart_user_session” in group “Session”
** Message: 22:58:48.803: settings.vala:540: Key file does not have key “proxy_manager/http” in group “Session”
** Message: 22:58:48.803: settings.vala:540: Key file does not have key “a11y/command” in group “Session”
** Message: 22:58:48.803: settings.vala:540: Key file does not have key “xrandr/command” in group “Session”
** Message: 22:58:48.803: settings.vala:540: Key file does not have key “network_gui/command” in group “Session”
** Message: 22:58:48.804: settings.vala:540: Key file does not have key “webbrowser/command” in group “Session”
** Message: 22:58:48.804: settings.vala:540: Key file does not have key “email/command” in group “Session”
** Message: 22:58:48.804: settings.vala:540: Key file does not have key “pdf_reader/command” in group “Session”
** Message: 22:58:48.804: settings.vala:540: Key file does not have key “video_player/command” in group “Session”
** Message: 22:58:48.804: settings.vala:540: Key file does not have key “audio_player/command” in group “Session”
** Message: 22:58:48.804: settings.vala:540: Key file does not have key “image_display/command” in group “Session”
** Message: 22:58:48.804: settings.vala:540: Key file does not have key “text_editor/command” in group “Session”
** Message: 22:58:48.804: settings.vala:540: Key file does not have key “archive/command” in group “Session”
** Message: 22:58:48.804: settings.vala:540: Key file does not have key “charmap/command” in group “Session”
** Message: 22:58:48.804: settings.vala:540: Key file does not have key “calculator/command” in group “Session”
** Message: 22:58:48.804: settings.vala:540: Key file does not have key “spreadsheet/command” in group “Session”
** Message: 22:58:48.804: settings.vala:540: Key file does not have key “bittorent/command” in group “Session”
** Message: 22:58:48.804: settings.vala:540: Key file does not have key “document/command” in group “Session”
** Message: 22:58:48.804: settings.vala:540: Key file does not have key “webcam/command” in group “Session”
** Message: 22:58:48.804: settings.vala:540: Key file does not have key “burn/command” in group “Session”
** Message: 22:58:48.804: settings.vala:540: Key file does not have key “notes/command” in group “Session”
** Message: 22:58:48.804: settings.vala:540: Key file does not have key “disk_utility/command” in group “Session”
** Message: 22:58:48.804: settings.vala:540: Key file does not have key “tasks/command” in group “Session”
** Message: 22:58:48.804: settings.vala:540: Key file does not have group “Keymap”
** Message: 22:58:48.804: settings.vala:540: Key file does not have key “laptop_mode” in group “State”
** Message: 22:58:48.804: settings.vala:540: Key file does not have key “gnome” in group “Dbus”
** Message: 22:58:48.804: settings.vala:540: Key file does not have key “type” in group “Environment”
** Message: 22:58:48.805: settings.vala:540: Key file does not have key “ubuntu_menuproxy” in group “Environment”
** Message: 22:58:48.806: settings.vala:540: Key file does not have key “toolkit_integration” in group “Environment”
** Message: 22:58:48.806: settings.vala:540: Key file does not have key “gtk/overlay_scrollbar_disable” in group “Environment”
** Message: 22:58:48.806: settings.vala:540: Key file does not have key “qt/force_theme” in group “Environment”
** Message: 22:58:48.806: settings.vala:540: Key file does not have key “qt/platform” in group “Environment”
** Message: 22:58:48.806: settings.vala:462: Monitoring: /etc/xdg/lxsession/LXDE-pi/desktop.conf
** Message: 22:58:48.806: settings.vala:470: Desktop file is not in config home, monitoring creation of it
** Message: 22:58:48.806: settings.vala:485: Monitoring home path: /home/sdz/.config/lxsession/LXDE-pi/desktop.conf
** Message: 22:58:48.807: environement.vala:79: Exporting variable
** Message: 22:58:48.807: environement.vala:80: desktop_environnement XDG_CURRENT_DESKTOP
** Message: 22:58:48.807: environement.vala:177: custom_config :
** Message: 22:58:48.807: environement.vala:178: config_dirs :/etc/xdg
** Message: 22:58:48.807: environement.vala:179: confir_dirs not null, export : /etc/xdg
** Message: 22:58:48.807: environement.vala:184: Exporting XDG_CONFIG_DIRS
** Message: 22:58:48.807: environement.vala:218: custom_data :
** Message: 22:58:48.807: environement.vala:219: data_dirs :/usr/local/share:/usr/share/raspi-ui-overrides:/usr/share:/usr/share/gdm:/var/lib/menu-xdg
** Message: 22:58:48.807: environement.vala:220: data_dirs not null, export : /usr/local/share:/usr/share/raspi-ui-overrides:/usr/share:/usr/share/gdm:/var/lib/menu-xdg
** Message: 22:58:48.807: environement.vala:225: Exporting XDG_DATA_DIRS
** Message: 22:58:48.807: utils.vala:39: Config system location : /etc/xdg/lxsession/LXDE-pi
** Message: 22:58:48.807: utils.vala:45: System system path location : /etc/xdg/lxsession/LXDE-pi/desktop.conf

** (lxsession:914): WARNING **: 22:58:48.807: utils.vala:70: No such file or directory
** Message: 22:58:48.807: environement.vala:254: No entry in [Environment_variable]. Key file does not have group “Environment_variable”

** (lxsession:914): WARNING **: 22:58:48.812: process.vala:49: Failed to execute child process “xprop” (No such file or directory)

** (lxsession:914): WARNING **: 22:58:48.812: process.vala:50: Error when launching xprop
** Message: 22:58:48.812: utils.vala:138: Config system location : /etc/xdg/lxsession/LXDE-pi
** Message: 22:58:48.813: utils.vala:144: System system path location : /etc/xdg/lxsession/LXDE-pi/conffiles.conf
** Message: 22:58:48.813: utils.vala:148: Final file used : /etc/xdg/lxsession/LXDE-pi/conffiles.conf
** Message: 22:58:48.813: options.vala:164: Activate xsettings_manager build-in
** Message: 22:58:48.813: utils.vala:39: Config system location : /etc/xdg/lxsession/LXDE-pi
** Message: 22:58:48.813: utils.vala:45: System system path location : /etc/xdg/lxsession/LXDE-pi/desktop.conf

** (lxsession:914): WARNING **: 22:58:48.813: utils.vala:70: No such file or directory
** Message: 22:58:48.829: app.vala:728: polkit separate
** Message: 22:58:48.829: app.vala:728: polkit separate
** Message: 22:58:48.836: app.vala:76: Launching lxpolkit 
** Message: 22:58:48.836: utils.vala:138: Config system location : /etc/xdg/lxsession/LXDE-pi
** Message: 22:58:48.836: utils.vala:144: System system path location : /etc/xdg/lxsession/LXDE-pi/autostart
** Message: 22:58:48.836: utils.vala:148: Final file used : /etc/xdg/lxsession/LXDE-pi/autostart
** Message: 22:58:48.837: autostart.vala:42: Autostart path : /etc/xdg/lxsession/LXDE-pi/autostart
** Message: 22:58:48.855: app.vala:76: Launching lxpanel 
** Message: 22:58:48.881: app.vala:76: Launching pcmanfm 

** (lxsession:914): WARNING **: 22:58:48.885: app.vala:86: Failed to execute child process “xscreensaver” (No such file or directory)

** (lxsession:914): WARNING **: 22:58:48.885: app.vala:87: Error when launching xscreensaver
** Message: 22:58:48.920: options.vala:107: Create build-in Clipboard
** Message: 22:58:48.926: main.vala:450: Check keymap_mode (null)
** Message: 22:58:48.930: app.vala:76: Launching /usr/bin/ssh-agent 
SSH_AUTH_SOCK=/tmp/ssh-XXXXXXfbA0Of/agent.1108; export SSH_AUTH_SOCK;
SSH_AGENT_PID=1117; export SSH_AGENT_PID;
echo Agent pid 1117;
** Message: 22:58:49.263: app.vala:130: /usr/bin/ssh-agent exit with this type of exit: 0
Openbox-Message: Unable to find a valid menu file "/usr/share/lxde/openbox/menu.xml"
Failure: No such entity
grep: /home/sdz/.config/lxpanel/LXDE-pi/panels/*: No such file or directory
** Message: 22:58:52.215: dhcpcdui: dhcpcd service not running; plugin hidden
** Message: 22:58:52.765: ptbatt: battery 0 not found
** Message: 22:58:53.468: up: Checking for updates

(lxpanel:1096): GLib-GIO-CRITICAL **: 22:58:53.468: g_settings_get_value: assertion 'G_IS_SETTINGS (settings)' failed

(lxpanel:1096): GLib-CRITICAL **: 22:58:53.468: g_variant_get_type: assertion 'value != NULL' failed

(lxpanel:1096): GLib-CRITICAL **: 22:58:53.468: g_variant_type_is_subtype_of: assertion 'g_variant_type_check (type)' failed

(lxpanel:1096): GLib-CRITICAL **: 22:58:53.468: g_variant_get_boolean: assertion 'g_variant_is_of_type (value, G_VARIANT_TYPE_BOOLEAN)' failed

(lxpanel:1096): GLib-CRITICAL **: 22:58:53.469: g_variant_unref: assertion 'value != NULL' failed

(lxpanel:1096): GLib-GIO-CRITICAL **: 22:58:53.469: g_settings_get_value: assertion 'G_IS_SETTINGS (settings)' failed

(lxpanel:1096): GLib-CRITICAL **: 22:58:53.469: g_variant_get_type: assertion 'value != NULL' failed

(lxpanel:1096): GLib-CRITICAL **: 22:58:53.469: g_variant_type_is_subtype_of: assertion 'g_variant_type_check (type)' failed

(lxpanel:1096): GLib-CRITICAL **: 22:58:53.469: g_variant_get_boolean: assertion 'g_variant_is_of_type (value, G_VARIANT_TYPE_BOOLEAN)' failed

(lxpanel:1096): GLib-CRITICAL **: 22:58:53.469: g_variant_unref: assertion 'value != NULL' failed

(lxpanel:1096): GLib-GIO-CRITICAL **: 22:58:53.469: g_settings_get_value: assertion 'G_IS_SETTINGS (settings)' failed

(lxpanel:1096): GLib-CRITICAL **: 22:58:53.469: g_variant_get_type: assertion 'value != NULL' failed

(lxpanel:1096): GLib-CRITICAL **: 22:58:53.469: g_variant_type_is_subtype_of: assertion 'g_variant_type_check (type)' failed

(lxpanel:1096): GLib-CRITICAL **: 22:58:53.469: g_variant_get_boolean: assertion 'g_variant_is_of_type (value, G_VARIANT_TYPE_BOOLEAN)' failed

(lxpanel:1096): GLib-CRITICAL **: 22:58:53.469: g_variant_unref: assertion 'value != NULL' failed
** Message: 22:58:58.247: up: Error updating cache - E: Release file for http://deb.debian.org/debian-security/dists/bookworm-security/InRelease is not valid yet (invalid for another 4d 14h 57min 53s). Updates for this repository will not be applied.
E: Release file for http://deb.debian.org/debian/dists/bookworm-updates/InRelease is not valid yet (invalid for another 4d 10h 19min 37s). Updates for this repository will not be applied.
E: Release file for http://archive.raspberrypi.com/debian/dists/bookworm/InRelease is not valid yet (invalid for another 4d 9h 32min 33s). Updates for this repository will not be applied.

